P25D54AFE,Śāriputras biographies of Virupa, Goraknātha and Golenāthā ,Tibetan Variant
P2B09744E,Śāriputras biographies of Virupa, Goraknātha and Golenāthā ,Wylie Variant
P18833347,Religious history by Nyang ral Nyima od zer (1124–1192) ,Tibetan Variant
P805755E3,Religious history by Nyang ral Nyima od zer (1124–1192) ,Wylie Variant
PE4499229,Chag lo Rin chen chos rgyals (b. 1447) Kālacakra lineage history ,Tibetan Variant
PE9E8B89C,Chag lo Rin chen chos rgyals (b. 1447) Kālacakra lineage history ,Wylie Variant
P5538D448,Exposition of the Cakrasaṃvaratantra (block print), colophon excerpt ,Wylie Variant
PA841D231, (block print), colophon excerpt ,Wylie Variant
P176E5587,Replies to various doctrinal questions and polemics (block print), colophon excerpt ,Wylie Variant
P72DF4420,Songs of esoteric practice given on various occasions (block print), colophon excerpt ,Wylie Variant
PA608C771,Lakṣābhidhānāduddhṛitalaghutantrapiṇḍārthavivaraṇa (block print), colophon excerpt ,Wylie Variant
PC3776847,Tsong kha pas Essence of True Eloquence (block print), colophon excerpt ,Wylie Variant
P4F67577F,Vajrakīla maṇḍala ritual by Bla ma dam pa (block print), colophon excerpt ,Wylie Variant
P87FF949F,Reply to criticisms of the Kālacakra (block print), colophon excerpt ,Wylie Variant
P00B6209A,Instructions on the view of the Middle Way (block print), colophon excerpt ,Wylie Variant
P2B62E910,Rong stons sub-commentary on Haribhadras Sphuṭārthā (block print), colophon excerpt ,Wylie Variant
P761B44B4,Ratnagotravibhāga commentary (block print), colophon excerpt ,Wylie Variant
P3C6ACA87,Hagiography of Chos rje chos Grags dpal bzang (1352–1434) ,Tibetan Variant
P415714A4,Hagiography of Chos rje chos Grags dpal bzang (1352–1434) ,Wylie Variant
P49D5D404,Sakya Genealogy by Bhikṣu Ratnabhadra ,Wylie Variant
P41F4C43A,Tshal pa kun dga rdo rjes (1309–1364) s Sakya Genealogy ,Wylie Variant
P93CE108B,Jam dbyangs bsod nams rgyal mtshans (1563–1617) Sakya Genealogy ,Wylie Variant
PCBFC801E,sGra tshad pa Rin chen rnam rgyals (1318–1388) Sakya Genealogy ,Wylie Variant
P8F5000C9,A mes zhabss (1597–1659) Great Sakya Genealogy ,Wylie Variant
P19C7CF8A,Brief History of rNgog lo tsa ba Blo ldan shes rabs Tradition ,Tibetan Variant
P73DFB4B2,Brief History of rNgog lo tsa ba Blo ldan shes rabs Tradition ,Wylie Variant
P171079BB,Hevajra exposition by bSod nams rtse mo (1142-1182), block print, colophon excerpt ,Wylie Variant
P88C9FAE3,Hevajra (Ḍombi lugs) empowerment ritual by bSod nams rtse mo (1142-1182), block print, colophon excerpt ,Wylie Variant
P11629F12,Printing Colophon of mKhas pa ug pai sgo, sGra nye bar bsdus pai tshigs bcad and Byis pa bde blag tu jug pai rnam bshad, block print, colophon excerpt ,Wylie Variant
PDF4D358F,A mes zhabss (1597–1659) Exposition on the Lamdre Practice according to the Ngor pa and rDzong pa ,Wylie Variant
P7D4B5587,A mes zhabss (1597–1659) Presentation on the Hevajra Practice according to the Ngor pa and rDzong pa ,Wylie Variant
PA530A825,The gSan yig of Jam mgon A mes zhabs (1597–1659), part III: Teachings from Mus chen sangs rgyas rgyal mtshan (1542-1618) ,Wylie Variant
P04F34C4C,The gSan yig of Jam mgon A mes zhabs (1597–1659), part II: Teachings from Grags pa blo gros (1563-1617) ,Wylie Variant
P2A7AAAD8,Bodhisattvacāryāvatāra commentary by bSod nams rtse mo (1142–1182), block print, colophon excerpt ,Wylie Variant
PBBB74672,Hevajra Abhisamaya by Chos rgyal Phags pa (1235–1280), block print, colophon excerpt ,Wylie Variant
P18BB579B,Brief History of Gongkar Choede Monastery ,Tibetan Variant
P4BDBA19D,Brief History of Gongkar Choede Monastery ,Wylie Variant
P7811FE71,Grags pa rgyal mtshans Tree of Realization, block print, colophon excerpt ,Wylie Variant
P200F4865,Eulogy in praise of Gong dkar Kun dga rnam rgyal (1432-1496), colophon excerpt ,Wylie Variant
PC251C107,Ritual of sixty torma offerings for Yamāntaka, colophon excerpt ,Wylie Variant
PC99306D3,Maṇḍala-ritual of Vajrapañjara, colophon excerpt ,Wylie Variant
P067544AA,Hagiography of Sa skya lo tstshā ba Jam pai rdo rje (1485–1533) ,Wylie Variant
PB47C77D7,Hagiography of Ngor chen dKon mchog lhun grub (1497–1557) ,Wylie Variant

